
/****************
 * Zapytanie2 *
 ****************/

$ curl -i -v http://localhost:8098/types/default/buckets/s16996/keys/zapytanie1-1
*   Trying 127.0.0.1:8098...
* Connected to localhost (127.0.0.1) port 8098 (#0)
> GET /types/default/buckets/s16996/keys/zapytanie1-1 HTTP/1.1
> Host: localhost:8098
> User-Agent: curl/7.74.0
> Accept: */*
>
* Mark bundle as not supporting multiuse
< HTTP/1.1 200 OK
HTTP/1.1 200 OK
< X-Riak-Vclock: a85hYGBgzGDKBVI8DAbyfQpXnD9DhBIZ81gZ1lfI3uHLAgA=
X-Riak-Vclock: a85hYGBgzGDKBVI8DAbyfQpXnD9DhBIZ81gZ1lfI3uHLAgA=
< Vary: Accept-Encoding
Vary: Accept-Encoding
< Server: MochiWeb/1.1 WebMachine/1.10.9 (cafe not found)
Server: MochiWeb/1.1 WebMachine/1.10.9 (cafe not found)
< Link: </buckets/s16996>; rel="up"
Link: </buckets/s16996>; rel="up"
< Last-Modified: Tue, 14 Jun 2022 21:25:03 GMT
Last-Modified: Tue, 14 Jun 2022 21:25:03 GMT
< ETag: "7cqAVLwLzP3WnAnmWr7LrH"
ETag: "7cqAVLwLzP3WnAnmWr7LrH"
< Date: Tue, 14 Jun 2022 21:34:24 GMT
Date: Tue, 14 Jun 2022 21:34:24 GMT
< Content-Type: application/json
Content-Type: application/json
< Content-Length: 71
Content-Length: 71

<
* Connection #0 to host localhost left intact
{"firstName": "John", "lastName": "Doe", "age": 24, "isEmployed": true}
