
/****************
 * Zapytanie10 *
 ****************/

$ curl -i -v -X DELETE http://localhost:8098/types/default/buckets/s16996/keys/8MVDzK8gnkthd7EwC3fEeRSOY1L
*   Trying 127.0.0.1:8098...
* Connected to localhost (127.0.0.1) port 8098 (#0)
> DELETE /types/default/buckets/s16996/keys/8MVDzK8gnkthd7EwC3fEeRSOY1L HTTP/1.1
> Host: localhost:8098
> User-Agent: curl/7.74.0
> Accept: */*
>
* Mark bundle as not supporting multiuse
< HTTP/1.1 204 No Content
HTTP/1.1 204 No Content
< Vary: Accept-Encoding
Vary: Accept-Encoding
< Server: MochiWeb/1.1 WebMachine/1.10.9 (cafe not found)
Server: MochiWeb/1.1 WebMachine/1.10.9 (cafe not found)
< Date: Tue, 14 Jun 2022 21:47:04 GMT
Date: Tue, 14 Jun 2022 21:47:04 GMT
< Content-Type: application/json
Content-Type: application/json
< Content-Length: 0
Content-Length: 0

<
* Connection #0 to host localhost left intact
